<?xml version="1.0" encoding="UTF-8"?>
<!-- Generated by org.testng.reporters.JUnitReportReporter -->
<testsuite hostname="Nesquik" failures="0" tests="1" name="tests.WikipediaTests" time="56.788" errors="0" timestamp="2023-11-20T12:27:40 ART" skipped="0">
  <testcase classname="tests.WikipediaTests" name="searchTest" time="56.788"/>
  <system-out/>
</testsuite> <!-- tests.WikipediaTests -->
